<?xml version="1.0" encoding="UTF-8"?>
<!-- Generated by org.testng.reporters.JUnitXMLReporter -->
<testsuite ignored="0" hostname="shubhams-MacBook-Pro.local" failures="6" tests="30" name="Test" time="112.539" errors="0" timestamp="11 Mar 2024 05:01:06 GMT">
  <testcase classname="SeleniumTests.Selenium_Groups" name="testRegression" time="0.003"/>
  <testcase classname="SeleniumTests.Selenium_Groups" name="testRegression_Sanity" time="0.001"/>
  <testcase classname="SeleniumTests.Selenium_Groups" name="testRegression_Smoke" time="0.001"/>
  <testcase classname="SeleniumTests.Selenium_Groups" name="testRegression_Smoke_Sanity" time="0.001"/>
  <testcase classname="SeleniumTests.Selenium_Groups" name="testSanity" time="0.002">
    <failure type="java.lang.AssertionError">
      <![CDATA[java.lang.AssertionError: 
at SeleniumTests.Selenium_Groups.testSanity(Selenium_Groups.java:24)
... Removed 28 stack frames]]>
    </failure>
  </testcase> <!-- testSanity -->
  <testcase classname="SeleniumTests.Selenium_Groups" name="testSmoke" time="0.001">
    <skipped/>
  </testcase> <!-- testSmoke -->
  <testcase classname="SeleniumTests.Selenium_Groups" name="testSmoke_Sanity" time="0.0"/>
  <testcase classname="SeleniumTests.SeleniumAlerts" name="alertTest" time="5.452"/>
  <testcase classname="SeleniumTests.SeleniumAlerts" name="confirmTest" time="5.339"/>
  <testcase classname="SeleniumTests.SeleniumAlerts" name="customModalTest" time="5.604"/>
  <testcase classname="SeleniumTests.EventsUsingActionClass" name="MouseHover" time="3.009"/>
  <testcase classname="SeleniumTests.EventsUsingActionClass" name="clickAndHold" time="0.01">
    <failure type="org.openqa.selenium.NoSuchSessionException" message="Session ID is null. Using WebDriver after calling quit()?
Build info: version: &amp;apos;4.18.1&amp;apos;, revision: &amp;apos;b1d3319b48&amp;apos;
System info: os.name: &amp;apos;Mac OS X&amp;apos;, os.arch: &amp;apos;x86_64&amp;apos;, os.version: &amp;apos;14.3.1&amp;apos;, java.version: &amp;apos;17.0.8&amp;apos;
Driver info: org.openqa.selenium.chrome.ChromeDriver
Command: [null, get {url=https://webdriveruniversity.com/Actions/index.html}]
Capabilities {acceptInsecureCerts: false, browserName: chrome, browserVersion: 122.0.6261.112, chrome: {chromedriverVersion: 122.0.6261.111 (9d4c1072da6..., userDataDir: /var/folders/g6/2lzqd2l1613...}, fedcm:accounts: true, goog:chromeOptions: {debuggerAddress: localhost:57750}, networkConnectionEnabled: false, pageLoadStrategy: normal, platformName: mac, proxy: Proxy(), se:cdp: ws://localhost:57750/devtoo..., se:cdpVersion: 122.0.6261.112, setWindowRect: true, strictFileInteractability: false, timeouts: {implicit: 0, pageLoad: 300000, script: 30000}, unhandledPromptBehavior: dismiss and notify, webauthn:extension:credBlob: true, webauthn:extension:largeBlob: true, webauthn:extension:minPinLength: true, webauthn:extension:prf: true, webauthn:virtualAuthenticators: true}">
      <![CDATA[org.openqa.selenium.NoSuchSessionException: Session ID is null. Using WebDriver after calling quit()?
Build info: version: '4.18.1', revision: 'b1d3319b48'
System info: os.name: 'Mac OS X', os.arch: 'x86_64', os.version: '14.3.1', java.version: '17.0.8'
Driver info: org.openqa.selenium.chrome.ChromeDriver
Command: [null, get {url=https://webdriveruniversity.com/Actions/index.html}]
Capabilities {acceptInsecureCerts: false, browserName: chrome, browserVersion: 122.0.6261.112, chrome: {chromedriverVersion: 122.0.6261.111 (9d4c1072da6..., userDataDir: /var/folders/g6/2lzqd2l1613...}, fedcm:accounts: true, goog:chromeOptions: {debuggerAddress: localhost:57750}, networkConnectionEnabled: false, pageLoadStrategy: normal, platformName: mac, proxy: Proxy(), se:cdp: ws://localhost:57750/devtoo..., se:cdpVersion: 122.0.6261.112, setWindowRect: true, strictFileInteractability: false, timeouts: {implicit: 0, pageLoad: 300000, script: 30000}, unhandledPromptBehavior: dismiss and notify, webauthn:extension:credBlob: true, webauthn:extension:largeBlob: true, webauthn:extension:minPinLength: true, webauthn:extension:prf: true, webauthn:virtualAuthenticators: true}
at org.openqa.selenium.remote.HttpCommandExecutor.execute(HttpCommandExecutor.java:151)
at org.openqa.selenium.remote.service.DriverCommandExecutor.invokeExecute(DriverCommandExecutor.java:216)
at org.openqa.selenium.remote.service.DriverCommandExecutor.execute(DriverCommandExecutor.java:174)
at org.openqa.selenium.remote.RemoteWebDriver.execute(RemoteWebDriver.java:519)
at org.openqa.selenium.remote.RemoteWebDriver.get(RemoteWebDriver.java:301)
at SeleniumTests.EventsUsingActionClass.clickAndHold(EventsUsingActionClass.java:83)
... Removed 25 stack frames]]>
    </failure>
  </testcase> <!-- clickAndHold -->
  <testcase classname="SeleniumTests.EventsUsingActionClass" name="doubleClick" time="0.001">
    <failure type="org.openqa.selenium.NoSuchSessionException" message="Session ID is null. Using WebDriver after calling quit()?
Build info: version: &amp;apos;4.18.1&amp;apos;, revision: &amp;apos;b1d3319b48&amp;apos;
System info: os.name: &amp;apos;Mac OS X&amp;apos;, os.arch: &amp;apos;x86_64&amp;apos;, os.version: &amp;apos;14.3.1&amp;apos;, java.version: &amp;apos;17.0.8&amp;apos;
Driver info: org.openqa.selenium.chrome.ChromeDriver
Command: [null, get {url=https://webdriveruniversity.com/Actions/index.html}]
Capabilities {acceptInsecureCerts: false, browserName: chrome, browserVersion: 122.0.6261.112, chrome: {chromedriverVersion: 122.0.6261.111 (9d4c1072da6..., userDataDir: /var/folders/g6/2lzqd2l1613...}, fedcm:accounts: true, goog:chromeOptions: {debuggerAddress: localhost:57750}, networkConnectionEnabled: false, pageLoadStrategy: normal, platformName: mac, proxy: Proxy(), se:cdp: ws://localhost:57750/devtoo..., se:cdpVersion: 122.0.6261.112, setWindowRect: true, strictFileInteractability: false, timeouts: {implicit: 0, pageLoad: 300000, script: 30000}, unhandledPromptBehavior: dismiss and notify, webauthn:extension:credBlob: true, webauthn:extension:largeBlob: true, webauthn:extension:minPinLength: true, webauthn:extension:prf: true, webauthn:virtualAuthenticators: true}">
      <![CDATA[org.openqa.selenium.NoSuchSessionException: Session ID is null. Using WebDriver after calling quit()?
Build info: version: '4.18.1', revision: 'b1d3319b48'
System info: os.name: 'Mac OS X', os.arch: 'x86_64', os.version: '14.3.1', java.version: '17.0.8'
Driver info: org.openqa.selenium.chrome.ChromeDriver
Command: [null, get {url=https://webdriveruniversity.com/Actions/index.html}]
Capabilities {acceptInsecureCerts: false, browserName: chrome, browserVersion: 122.0.6261.112, chrome: {chromedriverVersion: 122.0.6261.111 (9d4c1072da6..., userDataDir: /var/folders/g6/2lzqd2l1613...}, fedcm:accounts: true, goog:chromeOptions: {debuggerAddress: localhost:57750}, networkConnectionEnabled: false, pageLoadStrategy: normal, platformName: mac, proxy: Proxy(), se:cdp: ws://localhost:57750/devtoo..., se:cdpVersion: 122.0.6261.112, setWindowRect: true, strictFileInteractability: false, timeouts: {implicit: 0, pageLoad: 300000, script: 30000}, unhandledPromptBehavior: dismiss and notify, webauthn:extension:credBlob: true, webauthn:extension:largeBlob: true, webauthn:extension:minPinLength: true, webauthn:extension:prf: true, webauthn:virtualAuthenticators: true}
at org.openqa.selenium.remote.HttpCommandExecutor.execute(HttpCommandExecutor.java:151)
at org.openqa.selenium.remote.service.DriverCommandExecutor.invokeExecute(DriverCommandExecutor.java:216)
at org.openqa.selenium.remote.service.DriverCommandExecutor.execute(DriverCommandExecutor.java:174)
at org.openqa.selenium.remote.RemoteWebDriver.execute(RemoteWebDriver.java:519)
at org.openqa.selenium.remote.RemoteWebDriver.get(RemoteWebDriver.java:301)
at SeleniumTests.EventsUsingActionClass.doubleClick(EventsUsingActionClass.java:65)
... Removed 25 stack frames]]>
    </failure>
  </testcase> <!-- doubleClick -->
  <testcase classname="SeleniumTests.EventsUsingActionClass" name="dragAndDrop" time="0.001">
    <failure type="org.openqa.selenium.NoSuchSessionException" message="Session ID is null. Using WebDriver after calling quit()?
Build info: version: &amp;apos;4.18.1&amp;apos;, revision: &amp;apos;b1d3319b48&amp;apos;
System info: os.name: &amp;apos;Mac OS X&amp;apos;, os.arch: &amp;apos;x86_64&amp;apos;, os.version: &amp;apos;14.3.1&amp;apos;, java.version: &amp;apos;17.0.8&amp;apos;
Driver info: org.openqa.selenium.chrome.ChromeDriver
Command: [null, get {url=https://webdriveruniversity.com/Actions/index.html}]
Capabilities {acceptInsecureCerts: false, browserName: chrome, browserVersion: 122.0.6261.112, chrome: {chromedriverVersion: 122.0.6261.111 (9d4c1072da6..., userDataDir: /var/folders/g6/2lzqd2l1613...}, fedcm:accounts: true, goog:chromeOptions: {debuggerAddress: localhost:57750}, networkConnectionEnabled: false, pageLoadStrategy: normal, platformName: mac, proxy: Proxy(), se:cdp: ws://localhost:57750/devtoo..., se:cdpVersion: 122.0.6261.112, setWindowRect: true, strictFileInteractability: false, timeouts: {implicit: 0, pageLoad: 300000, script: 30000}, unhandledPromptBehavior: dismiss and notify, webauthn:extension:credBlob: true, webauthn:extension:largeBlob: true, webauthn:extension:minPinLength: true, webauthn:extension:prf: true, webauthn:virtualAuthenticators: true}">
      <![CDATA[org.openqa.selenium.NoSuchSessionException: Session ID is null. Using WebDriver after calling quit()?
Build info: version: '4.18.1', revision: 'b1d3319b48'
System info: os.name: 'Mac OS X', os.arch: 'x86_64', os.version: '14.3.1', java.version: '17.0.8'
Driver info: org.openqa.selenium.chrome.ChromeDriver
Command: [null, get {url=https://webdriveruniversity.com/Actions/index.html}]
Capabilities {acceptInsecureCerts: false, browserName: chrome, browserVersion: 122.0.6261.112, chrome: {chromedriverVersion: 122.0.6261.111 (9d4c1072da6..., userDataDir: /var/folders/g6/2lzqd2l1613...}, fedcm:accounts: true, goog:chromeOptions: {debuggerAddress: localhost:57750}, networkConnectionEnabled: false, pageLoadStrategy: normal, platformName: mac, proxy: Proxy(), se:cdp: ws://localhost:57750/devtoo..., se:cdpVersion: 122.0.6261.112, setWindowRect: true, strictFileInteractability: false, timeouts: {implicit: 0, pageLoad: 300000, script: 30000}, unhandledPromptBehavior: dismiss and notify, webauthn:extension:credBlob: true, webauthn:extension:largeBlob: true, webauthn:extension:minPinLength: true, webauthn:extension:prf: true, webauthn:virtualAuthenticators: true}
at org.openqa.selenium.remote.HttpCommandExecutor.execute(HttpCommandExecutor.java:151)
at org.openqa.selenium.remote.service.DriverCommandExecutor.invokeExecute(DriverCommandExecutor.java:216)
at org.openqa.selenium.remote.service.DriverCommandExecutor.execute(DriverCommandExecutor.java:174)
at org.openqa.selenium.remote.RemoteWebDriver.execute(RemoteWebDriver.java:519)
at org.openqa.selenium.remote.RemoteWebDriver.get(RemoteWebDriver.java:301)
at SeleniumTests.EventsUsingActionClass.dragAndDrop(EventsUsingActionClass.java:47)
... Removed 25 stack frames]]>
    </failure>
  </testcase> <!-- dragAndDrop -->
  <testcase classname="SeleniumTests.Selenium_Iframe" name="iframeTestOne" time="6.004"/>
  <testcase classname="SeleniumTests.Selenium_Iframe" name="iframeTestTwo" time="7.662"/>
  <testcase classname="SeleniumTests.Selenium_DynamicTables" name="dynamicTableTest" time="5.277"/>
  <testcase classname="SeleniumTests.Selenium_Multiwindow" name="multiWindowTest" time="7.179"/>
  <testcase classname="SeleniumTests.Selenium_Scroll" name="scrollTest" time="5.751"/>
  <testcase classname="SeleniumTests.Selenium_Reload" name="reloadBrowserTestUsingGetCurrentURL" time="4.783"/>
  <testcase classname="SeleniumTests.Selenium_Reload" name="reloadBrowserTestUsingRefresh" time="5.612"/>
  <testcase classname="SeleniumTests.Selenium_Reload" name="reloadBrowserTestUsingSendKeys" time="5.618"/>
  <testcase classname="SeleniumTests.ExplicitWait" name="explicitWait" time="9.237"/>
  <testcase classname="SeleniumTests.Selenium_Textfield" name="fileUploadTest" time="5.052"/>
  <testcase classname="SeleniumTests.Selenium_Parameters" name="parametersTest" time="0.0">
    <failure type="org.testng.TestNGException" message="
Parameter &amp;apos;username&amp;apos; is required by @Test on method parametersTest but has not been marked @Optional or defined
in /Users/shubhamsaini/eclipse-workspace/SeleniumPractise/groups.xml">
      <![CDATA[org.testng.TestNGException: 
Parameter 'username' is required by @Test on method parametersTest but has not been marked @Optional or defined
in /Users/shubhamsaini/eclipse-workspace/SeleniumPractise/groups.xml
... Removed 24 stack frames]]>
    </failure>
  </testcase> <!-- parametersTest -->
  <testcase classname="SeleniumTests.Selenium_UploadFile" name="fileUploadTest" time="5.525"/>
  <testcase classname="SeleniumTests.Selenium_Properties" name="propertiesTest" time="1.274">
    <failure type="java.lang.NullPointerException">
      <![CDATA[java.lang.NullPointerException
at java.base/java.util.Objects.requireNonNull(Objects.java:208)
at java.base/java.util.ImmutableCollections$Map1.<init>(ImmutableCollections.java:1105)
at java.base/java.util.Map.of(Map.java:1353)
at org.openqa.selenium.remote.DriverCommand.GET(DriverCommand.java:180)
at org.openqa.selenium.remote.RemoteWebDriver.get(RemoteWebDriver.java:301)
at SeleniumTests.Selenium_Properties.propertiesTest(Selenium_Properties.java:58)
... Removed 25 stack frames]]>
    </failure>
  </testcase> <!-- propertiesTest -->
  <testcase classname="SeleniumTests.Selenium_Checkbox_Dropdown" name="checkboxTest" time="6.306"/>
  <testcase classname="SeleniumTests.Selenium_Checkbox_Dropdown" name="dropdownTest" time="6.356"/>
  <testcase classname="SeleniumTests.Selenium_Checkbox_Dropdown" name="radioButtonTest" time="6.246"/>
</testsuite> <!-- Test -->
